# JRE version: OpenJDK Runtime Environment JBR-17.0.6+10-829.9-jcef (17.0.6+10) (build 17.0.6+10-b829.9)
# Java VM: OpenJDK 64-Bit Server VM JBR-17.0.6+10-829.9-jcef (17.0.6+10-b829.9, mixed mode, tiered, compressed oops, compressed class ptrs, g1 gc, windows-amd64)
GC Precious Log:
 CPUs: 4 total, 4 available
 Memory: 16308M
 Large Page Support: Disabled
 NUMA Support: Disabled
 Compressed Oops: Enabled (32-bit)
 Heap Region Size: 1M
 Heap Min Capacity: 8M
 Heap Initial Capacity: 256M
 Heap Max Capacity: 2G
 Pre-touch: Disabled
 Parallel Workers: 4
 Concurrent Workers: 1
 Concurrent Refinement Workers: 4
 Periodic GC: Disabled
Heap:
 garbage-first heap   total 264192K, used 197609K [0x0000000080000000, 0x0000000100000000)
  region size 1024K, 4 young (4096K), 4 survivors (4096K)
 Metaspace       used 129541K, committed 130496K, reserved 1163264K
  class space    used 17209K, committed 17664K, reserved 1048576K
GC Heap History (20 events):
Event: 324.109 GC heap after
{Heap after GC invocations=59 (full 0):
 garbage-first heap   total 220160K, used 154350K [0x0000000080000000, 0x0000000100000000)
  region size 1024K, 5 young (5120K), 5 survivors (5120K)
 Metaspace       used 128956K, committed 129856K, reserved 1163264K
  class space    used 17195K, committed 17600K, reserved 1048576K
}
Event: 901.656 GC heap before
{Heap before GC invocations=59 (full 0):
 garbage-first heap   total 220160K, used 198382K [0x0000000080000000, 0x0000000100000000)
  region size 1024K, 33 young (33792K), 5 survivors (5120K)
 Metaspace       used 129165K, committed 130112K, reserved 1163264K
  class space    used 17207K, committed 17664K, reserved 1048576K
}
Event: 901.661 GC heap after
{Heap after GC invocations=60 (full 0):
 garbage-first heap   total 220160K, used 155592K [0x0000000080000000, 0x0000000100000000)
  region size 1024K, 2 young (2048K), 2 survivors (2048K)
 Metaspace       used 129165K, committed 130112K, reserved 1163264K
  class space    used 17207K, committed 17664K, reserved 1048576K
}
Event: 1305.753 GC heap before
{Heap before GC invocations=60 (full 0):
 garbage-first heap   total 220160K, used 183240K [0x0000000080000000, 0x0000000100000000)
  region size 1024K, 30 young (30720K), 2 survivors (2048K)
 Metaspace       used 129305K, committed 130304K, reserved 1163264K
  class space    used 17207K, committed 17664K, reserved 1048576K
}
Event: 1305.756 GC heap after
{Heap after GC invocations=61 (full 0):
 garbage-first heap   total 220160K, used 156960K [0x0000000080000000, 0x0000000100000000)
  region size 1024K, 3 young (3072K), 3 survivors (3072K)
 Metaspace       used 129305K, committed 130304K, reserved 1163264K
  class space    used 17207K, committed 17664K, reserved 1048576K
}
Event: 1306.014 GC heap before
{Heap before GC invocations=61 (full 0):
 garbage-first heap   total 220160K, used 186656K [0x0000000080000000, 0x0000000100000000)
  region size 1024K, 31 young (31744K), 3 survivors (3072K)
 Metaspace       used 129395K, committed 130368K, reserved 1163264K
  class space    used 17208K, committed 17664K, reserved 1048576K
}
Event: 1306.026 GC heap after
{Heap after GC invocations=62 (full 0):
 garbage-first heap   total 220160K, used 169716K [0x0000000080000000, 0x0000000100000000)
  region size 1024K, 4 young (4096K), 4 survivors (4096K)
 Metaspace       used 129395K, committed 130368K, reserved 1163264K
  class space    used 17208K, committed 17664K, reserved 1048576K
}
Event: 1306.109 GC heap before
{Heap before GC invocations=62 (full 0):
 garbage-first heap   total 220160K, used 182004K [0x0000000080000000, 0x0000000100000000)
  region size 1024K, 17 young (17408K), 4 survivors (4096K)
 Metaspace       used 129401K, committed 130368K, reserved 1163264K
  class space    used 17208K, committed 17664K, reserved 1048576K
}
Event: 1306.116 GC heap after
{Heap after GC invocations=63 (full 0):
 garbage-first heap   total 220160K, used 173412K [0x0000000080000000, 0x0000000100000000)
  region size 1024K, 3 young (3072K), 3 survivors (3072K)
 Metaspace       used 129401K, committed 130368K, reserved 1163264K
  class space    used 17208K, committed 17664K, reserved 1048576K
}
Event: 1306.187 GC heap before
{Heap before GC invocations=63 (full 0):
 garbage-first heap   total 220160K, used 190820K [0x0000000080000000, 0x0000000100000000)
  region size 1024K, 13 young (13312K), 3 survivors (3072K)
 Metaspace       used 129424K, committed 130368K, reserved 1163264K
  class space    used 17209K, committed 17664K, reserved 1048576K
}
Event: 1306.194 GC heap after
{Heap after GC invocations=64 (full 0):
 garbage-first heap   total 220160K, used 179177K [0x0000000080000000, 0x0000000100000000)
  region size 1024K, 2 young (2048K), 2 survivors (2048K)
 Metaspace       used 129424K, committed 130368K, reserved 1163264K
  class space    used 17209K, committed 17664K, reserved 1048576K
}
Event: 1306.209 GC heap before
{Heap before GC invocations=64 (full 0):
 garbage-first heap   total 220160K, used 187369K [0x0000000080000000, 0x0000000100000000)
  region size 1024K, 10 young (10240K), 2 survivors (2048K)
 Metaspace       used 129424K, committed 130368K, reserved 1163264K
  class space    used 17209K, committed 17664K, reserved 1048576K
}
Event: 1306.212 GC heap after
{Heap after GC invocations=65 (full 0):
 garbage-first heap   total 264192K, used 180565K [0x0000000080000000, 0x0000000100000000)
  region size 1024K, 2 young (2048K), 2 survivors (2048K)
 Metaspace       used 129424K, committed 130368K, reserved 1163264K
  class space    used 17209K, committed 17664K, reserved 1048576K
}
Event: 1306.318 GC heap before
{Heap before GC invocations=65 (full 0):
 garbage-first heap   total 264192K, used 205141K [0x0000000080000000, 0x0000000100000000)
  region size 1024K, 19 young (19456K), 2 survivors (2048K)
 Metaspace       used 129450K, committed 130368K, reserved 1163264K
  class space    used 17209K, committed 17664K, reserved 1048576K
}
Event: 1306.323 GC heap after
{Heap after GC invocations=66 (full 0):
 garbage-first heap   total 264192K, used 189974K [0x0000000080000000, 0x0000000100000000)
  region size 1024K, 4 young (4096K), 4 survivors (4096K)
 Metaspace       used 129450K, committed 130368K, reserved 1163264K
  class space    used 17209K, committed 17664K, reserved 1048576K
}
Event: 1306.325 GC heap before
{Heap before GC invocations=66 (full 0):
 garbage-first heap   total 264192K, used 193046K [0x0000000080000000, 0x0000000100000000)
  region size 1024K, 5 young (5120K), 4 survivors (4096K)
 Metaspace       used 129450K, committed 130368K, reserved 1163264K
  class space    used 17209K, committed 17664K, reserved 1048576K
}
Event: 1306.328 GC heap after
{Heap after GC invocations=67 (full 0):
 garbage-first heap   total 264192K, used 189551K [0x0000000080000000, 0x0000000100000000)
  region size 1024K, 1 young (1024K), 1 survivors (1024K)
 Metaspace       used 129450K, committed 130368K, reserved 1163264K
  class space    used 17209K, committed 17664K, reserved 1048576K
}
Event: 1306.449 GC heap before
{Heap before GC invocations=67 (full 0):
 garbage-first heap   total 264192K, used 216175K [0x0000000080000000, 0x0000000100000000)
  region size 1024K, 25 young (25600K), 1 survivors (1024K)
 Metaspace       used 129511K, committed 130432K, reserved 1163264K
  class space    used 17209K, committed 17664K, reserved 1048576K
}
Event: 1306.452 GC heap after
{Heap after GC invocations=68 (full 0):
 garbage-first heap   total 264192K, used 192497K [0x0000000080000000, 0x0000000100000000)
  region size 1024K, 4 young (4096K), 4 survivors (4096K)
 Metaspace       used 129511K, committed 130432K, reserved 1163264K
  class space    used 17209K, committed 17664K, reserved 1048576K
}
Event: 1306.552 GC heap before
{Heap before GC invocations=68 (full 0):
 garbage-first heap   total 264192K, used 216049K [0x0000000080000000, 0x0000000100000000)
  region size 1024K, 28 young (28672K), 4 survivors (4096K)
 Metaspace       used 129541K, committed 130496K, reserved 1163264K
  class space    used 17209K, committed 17664K, reserved 1048576K
}

