# JRE version: OpenJDK Runtime Environment JBR-17.0.6+10-829.9-jcef (17.0.6+10) (build 17.0.6+10-b829.9)
# Java VM: OpenJDK 64-Bit Server VM JBR-17.0.6+10-829.9-jcef (17.0.6+10-b829.9, mixed mode, tiered, compressed oops, compressed class ptrs, g1 gc, windows-amd64)
GC Precious Log:
 CPUs: 4 total, 4 available
 Memory: 16308M
 Large Page Support: Disabled
 NUMA Support: Disabled
 Compressed Oops: Enabled (32-bit)
 Heap Region Size: 1M
 Heap Min Capacity: 8M
 Heap Initial Capacity: 256M
 Heap Max Capacity: 2G
 Pre-touch: Disabled
 Parallel Workers: 4
 Concurrent Workers: 1
 Concurrent Refinement Workers: 4
 Periodic GC: Disabled
Heap:
 garbage-first heap   total 393216K, used 201651K [0x0000000080000000, 0x0000000100000000)
  region size 1024K, 2 young (2048K), 2 survivors (2048K)
 Metaspace       used 153505K, committed 154880K, reserved 1187840K
  class space    used 20600K, committed 21248K, reserved 1048576K
GC Heap History (20 events):
Event: 572.535 GC heap after
{Heap after GC invocations=81 (full 0):
 garbage-first heap   total 352256K, used 197945K [0x0000000080000000, 0x0000000100000000)
  region size 1024K, 2 young (2048K), 2 survivors (2048K)
 Metaspace       used 148581K, committed 149824K, reserved 1179648K
  class space    used 20046K, committed 20672K, reserved 1048576K
}
Event: 1124.230 GC heap before
{Heap before GC invocations=81 (full 0):
 garbage-first heap   total 352256K, used 288057K [0x0000000080000000, 0x0000000100000000)
  region size 1024K, 91 young (93184K), 2 survivors (2048K)
 Metaspace       used 151357K, committed 152640K, reserved 1187840K
  class space    used 20379K, committed 20992K, reserved 1048576K
}
Event: 1124.239 GC heap after
{Heap after GC invocations=82 (full 0):
 garbage-first heap   total 352256K, used 206510K [0x0000000080000000, 0x0000000100000000)
  region size 1024K, 10 young (10240K), 10 survivors (10240K)
 Metaspace       used 151357K, committed 152640K, reserved 1187840K
  class space    used 20379K, committed 20992K, reserved 1048576K
}
Event: 1365.131 GC heap before
{Heap before GC invocations=83 (full 0):
 garbage-first heap   total 370688K, used 291502K [0x0000000080000000, 0x0000000100000000)
  region size 1024K, 92 young (94208K), 10 survivors (10240K)
 Metaspace       used 151788K, committed 153088K, reserved 1187840K
  class space    used 20418K, committed 21056K, reserved 1048576K
}
Event: 1365.141 GC heap after
{Heap after GC invocations=84 (full 0):
 garbage-first heap   total 370688K, used 211920K [0x0000000080000000, 0x0000000100000000)
  region size 1024K, 12 young (12288K), 12 survivors (12288K)
 Metaspace       used 151788K, committed 153088K, reserved 1187840K
  class space    used 20418K, committed 21056K, reserved 1048576K
}
Event: 1365.157 GC heap before
{Heap before GC invocations=84 (full 0):
 garbage-first heap   total 370688K, used 218064K [0x0000000080000000, 0x0000000100000000)
  region size 1024K, 18 young (18432K), 12 survivors (12288K)
 Metaspace       used 151792K, committed 153088K, reserved 1187840K
  class space    used 20418K, committed 21056K, reserved 1048576K
}
Event: 1365.169 GC heap after
{Heap after GC invocations=85 (full 0):
 garbage-first heap   total 370688K, used 207347K [0x0000000080000000, 0x0000000100000000)
  region size 1024K, 3 young (3072K), 3 survivors (3072K)
 Metaspace       used 151792K, committed 153088K, reserved 1187840K
  class space    used 20418K, committed 21056K, reserved 1048576K
}
Event: 1365.256 GC heap before
{Heap before GC invocations=85 (full 0):
 garbage-first heap   total 370688K, used 225779K [0x0000000080000000, 0x0000000100000000)
  region size 1024K, 22 young (22528K), 3 survivors (3072K)
 Metaspace       used 151826K, committed 153088K, reserved 1187840K
  class space    used 20420K, committed 21056K, reserved 1048576K
}
Event: 1365.266 GC heap after
{Heap after GC invocations=86 (full 0):
 garbage-first heap   total 370688K, used 216280K [0x0000000080000000, 0x0000000100000000)
  region size 1024K, 12 young (12288K), 12 survivors (12288K)
 Metaspace       used 151826K, committed 153088K, reserved 1187840K
  class space    used 20420K, committed 21056K, reserved 1048576K
}
Event: 1366.928 GC heap before
{Heap before GC invocations=87 (full 0):
 garbage-first heap   total 393216K, used 282840K [0x0000000080000000, 0x0000000100000000)
  region size 1024K, 65 young (66560K), 12 survivors (12288K)
 Metaspace       used 152080K, committed 153472K, reserved 1187840K
  class space    used 20440K, committed 21120K, reserved 1048576K
}
Event: 1366.940 GC heap after
{Heap after GC invocations=88 (full 0):
 garbage-first heap   total 393216K, used 216296K [0x0000000080000000, 0x0000000100000000)
  region size 1024K, 7 young (7168K), 7 survivors (7168K)
 Metaspace       used 152080K, committed 153472K, reserved 1187840K
  class space    used 20440K, committed 21120K, reserved 1048576K
}
Event: 1367.098 GC heap before
{Heap before GC invocations=88 (full 0):
 garbage-first heap   total 393216K, used 227560K [0x0000000080000000, 0x0000000100000000)
  region size 1024K, 19 young (19456K), 7 survivors (7168K)
 Metaspace       used 152103K, committed 153472K, reserved 1187840K
  class space    used 20440K, committed 21120K, reserved 1048576K
}
Event: 1367.109 GC heap after
{Heap after GC invocations=89 (full 0):
 garbage-first heap   total 393216K, used 209485K [0x0000000080000000, 0x0000000100000000)
  region size 1024K, 2 young (2048K), 2 survivors (2048K)
 Metaspace       used 152103K, committed 153472K, reserved 1187840K
  class space    used 20440K, committed 21120K, reserved 1048576K
}
Event: 1367.443 GC heap before
{Heap before GC invocations=89 (full 0):
 garbage-first heap   total 393216K, used 222797K [0x0000000080000000, 0x0000000100000000)
  region size 1024K, 16 young (16384K), 2 survivors (2048K)
 Metaspace       used 152202K, committed 153536K, reserved 1187840K
  class space    used 20441K, committed 21120K, reserved 1048576K
}
Event: 1367.445 GC heap after
{Heap after GC invocations=90 (full 0):
 garbage-first heap   total 393216K, used 210185K [0x0000000080000000, 0x0000000100000000)
  region size 1024K, 3 young (3072K), 3 survivors (3072K)
 Metaspace       used 152202K, committed 153536K, reserved 1187840K
  class space    used 20441K, committed 21120K, reserved 1048576K
}
Event: 1368.168 GC heap before
{Heap before GC invocations=91 (full 0):
 garbage-first heap   total 393216K, used 289033K [0x0000000080000000, 0x0000000100000000)
  region size 1024K, 84 young (86016K), 3 survivors (3072K)
 Metaspace       used 153346K, committed 154752K, reserved 1187840K
  class space    used 20589K, committed 21248K, reserved 1048576K
}
Event: 1368.176 GC heap after
{Heap after GC invocations=92 (full 0):
 garbage-first heap   total 393216K, used 209781K [0x0000000080000000, 0x0000000100000000)
  region size 1024K, 7 young (7168K), 7 survivors (7168K)
 Metaspace       used 153346K, committed 154752K, reserved 1187840K
  class space    used 20589K, committed 21248K, reserved 1048576K
}
Event: 1368.237 GC heap before
{Heap before GC invocations=92 (full 0):
 garbage-first heap   total 393216K, used 221045K [0x0000000080000000, 0x0000000100000000)
  region size 1024K, 19 young (19456K), 7 survivors (7168K)
 Metaspace       used 153441K, committed 154816K, reserved 1187840K
  class space    used 20600K, committed 21248K, reserved 1048576K
}
Event: 1368.245 GC heap after
{Heap after GC invocations=93 (full 0):
 garbage-first heap   total 393216K, used 202413K [0x0000000080000000, 0x0000000100000000)
  region size 1024K, 3 young (3072K), 3 survivors (3072K)
 Metaspace       used 153441K, committed 154816K, reserved 1187840K
  class space    used 20600K, committed 21248K, reserved 1048576K
}
Event: 1368.329 GC heap before
{Heap before GC invocations=93 (full 0):
 garbage-first heap   total 393216K, used 212653K [0x0000000080000000, 0x0000000100000000)
  region size 1024K, 15 young (15360K), 3 survivors (3072K)
 Metaspace       used 153505K, committed 154880K, reserved 1187840K
  class space    used 20600K, committed 21248K, reserved 1048576K
}

