# JRE version: OpenJDK Runtime Environment JBR-17.0.6+10-829.9-jcef (17.0.6+10) (build 17.0.6+10-b829.9)
# Java VM: OpenJDK 64-Bit Server VM JBR-17.0.6+10-829.9-jcef (17.0.6+10-b829.9, mixed mode, tiered, compressed oops, compressed class ptrs, g1 gc, windows-amd64)
GC Precious Log:
 CPUs: 4 total, 4 available
 Memory: 16308M
 Large Page Support: Disabled
 NUMA Support: Disabled
 Compressed Oops: Enabled (32-bit)
 Heap Region Size: 1M
 Heap Min Capacity: 8M
 Heap Initial Capacity: 256M
 Heap Max Capacity: 2G
 Pre-touch: Disabled
 Parallel Workers: 4
 Concurrent Workers: 1
 Concurrent Refinement Workers: 4
 Periodic GC: Disabled
Heap:
 garbage-first heap   total 443392K, used 139537K [0x0000000080000000, 0x0000000100000000)
  region size 1024K, 16 young (16384K), 16 survivors (16384K)
 Metaspace       used 129809K, committed 131136K, reserved 1163264K
  class space    used 17551K, committed 18176K, reserved 1048576K
GC Heap History (20 events):
Event: 217.917 GC heap after
{Heap after GC invocations=53 (full 0):
 garbage-first heap   total 443392K, used 122203K [0x0000000080000000, 0x0000000100000000)
  region size 1024K, 2 young (2048K), 2 survivors (2048K)
 Metaspace       used 127733K, committed 128704K, reserved 1163264K
  class space    used 17309K, committed 17792K, reserved 1048576K
}
Event: 218.004 GC heap before
{Heap before GC invocations=53 (full 0):
 garbage-first heap   total 443392K, used 142683K [0x0000000080000000, 0x0000000100000000)
  region size 1024K, 24 young (24576K), 2 survivors (2048K)
 Metaspace       used 127737K, committed 128704K, reserved 1163264K
  class space    used 17310K, committed 17792K, reserved 1048576K
}
Event: 218.016 GC heap after
{Heap after GC invocations=54 (full 0):
 garbage-first heap   total 443392K, used 132541K [0x0000000080000000, 0x0000000100000000)
  region size 1024K, 13 young (13312K), 13 survivors (13312K)
 Metaspace       used 127737K, committed 128704K, reserved 1163264K
  class space    used 17310K, committed 17792K, reserved 1048576K
}
Event: 258.852 GC heap before
{Heap before GC invocations=55 (full 0):
 garbage-first heap   total 443392K, used 286141K [0x0000000080000000, 0x0000000100000000)
  region size 1024K, 132 young (135168K), 13 survivors (13312K)
 Metaspace       used 128146K, committed 129088K, reserved 1163264K
  class space    used 17330K, committed 17792K, reserved 1048576K
}
Event: 258.870 GC heap after
{Heap after GC invocations=56 (full 0):
 garbage-first heap   total 443392K, used 146015K [0x0000000080000000, 0x0000000100000000)
  region size 1024K, 17 young (17408K), 17 survivors (17408K)
 Metaspace       used 128146K, committed 129088K, reserved 1163264K
  class space    used 17330K, committed 17792K, reserved 1048576K
}
Event: 258.892 GC heap before
{Heap before GC invocations=56 (full 0):
 garbage-first heap   total 443392K, used 150111K [0x0000000080000000, 0x0000000100000000)
  region size 1024K, 21 young (21504K), 17 survivors (17408K)
 Metaspace       used 128147K, committed 129088K, reserved 1163264K
  class space    used 17330K, committed 17792K, reserved 1048576K
}
Event: 258.901 GC heap after
{Heap after GC invocations=57 (full 0):
 garbage-first heap   total 443392K, used 142848K [0x0000000080000000, 0x0000000100000000)
  region size 1024K, 3 young (3072K), 3 survivors (3072K)
 Metaspace       used 128147K, committed 129088K, reserved 1163264K
  class space    used 17330K, committed 17792K, reserved 1048576K
}
Event: 259.013 GC heap before
{Heap before GC invocations=57 (full 0):
 garbage-first heap   total 443392K, used 156160K [0x0000000080000000, 0x0000000100000000)
  region size 1024K, 18 young (18432K), 3 survivors (3072K)
 Metaspace       used 128151K, committed 129088K, reserved 1163264K
  class space    used 17330K, committed 17792K, reserved 1048576K
}
Event: 259.021 GC heap after
{Heap after GC invocations=58 (full 0):
 garbage-first heap   total 443392K, used 149401K [0x0000000080000000, 0x0000000100000000)
  region size 1024K, 9 young (9216K), 9 survivors (9216K)
 Metaspace       used 128151K, committed 129088K, reserved 1163264K
  class space    used 17330K, committed 17792K, reserved 1048576K
}
Event: 293.551 GC heap before
{Heap before GC invocations=59 (full 0):
 garbage-first heap   total 443392K, used 356249K [0x0000000080000000, 0x0000000100000000)
  region size 1024K, 176 young (180224K), 9 survivors (9216K)
 Metaspace       used 128738K, committed 129792K, reserved 1163264K
  class space    used 17392K, committed 17920K, reserved 1048576K
}
Event: 293.563 GC heap after
{Heap after GC invocations=60 (full 0):
 garbage-first heap   total 443392K, used 142298K [0x0000000080000000, 0x0000000100000000)
  region size 1024K, 14 young (14336K), 14 survivors (14336K)
 Metaspace       used 128738K, committed 129792K, reserved 1163264K
  class space    used 17392K, committed 17920K, reserved 1048576K
}
Event: 293.578 GC heap before
{Heap before GC invocations=60 (full 0):
 garbage-first heap   total 443392K, used 148442K [0x0000000080000000, 0x0000000100000000)
  region size 1024K, 21 young (21504K), 14 survivors (14336K)
 Metaspace       used 128743K, committed 129792K, reserved 1163264K
  class space    used 17392K, committed 17920K, reserved 1048576K
}
Event: 293.588 GC heap after
{Heap after GC invocations=61 (full 0):
 garbage-first heap   total 443392K, used 136518K [0x0000000080000000, 0x0000000100000000)
  region size 1024K, 2 young (2048K), 2 survivors (2048K)
 Metaspace       used 128743K, committed 129792K, reserved 1163264K
  class space    used 17392K, committed 17920K, reserved 1048576K
}
Event: 293.748 GC heap before
{Heap before GC invocations=61 (full 0):
 garbage-first heap   total 443392K, used 163142K [0x0000000080000000, 0x0000000100000000)
  region size 1024K, 30 young (30720K), 2 survivors (2048K)
 Metaspace       used 128764K, committed 129856K, reserved 1163264K
  class space    used 17393K, committed 17920K, reserved 1048576K
}
Event: 293.751 GC heap after
{Heap after GC invocations=62 (full 0):
 garbage-first heap   total 443392K, used 137136K [0x0000000080000000, 0x0000000100000000)
  region size 1024K, 3 young (3072K), 3 survivors (3072K)
 Metaspace       used 128764K, committed 129856K, reserved 1163264K
  class space    used 17393K, committed 17920K, reserved 1048576K
}
Event: 637.741 GC heap before
{Heap before GC invocations=63 (full 0):
 garbage-first heap   total 443392K, used 367209K [0x0000000080000000, 0x0000000100000000)
  region size 1024K, 204 young (208896K), 3 survivors (3072K)
 Metaspace       used 129763K, committed 131136K, reserved 1163264K
  class space    used 17551K, committed 18176K, reserved 1048576K
}
Event: 637.750 GC heap after
{Heap after GC invocations=64 (full 0):
 garbage-first heap   total 443392K, used 128785K [0x0000000080000000, 0x0000000100000000)
  region size 1024K, 6 young (6144K), 6 survivors (6144K)
 Metaspace       used 129763K, committed 131136K, reserved 1163264K
  class space    used 17551K, committed 18176K, reserved 1048576K
}
Event: 637.819 GC heap before
{Heap before GC invocations=64 (full 0):
 garbage-first heap   total 443392K, used 145169K [0x0000000080000000, 0x0000000100000000)
  region size 1024K, 21 young (21504K), 6 survivors (6144K)
 Metaspace       used 129774K, committed 131136K, reserved 1163264K
  class space    used 17551K, committed 18176K, reserved 1048576K
}
Event: 637.834 GC heap after
{Heap after GC invocations=65 (full 0):
 garbage-first heap   total 443392K, used 127071K [0x0000000080000000, 0x0000000100000000)
  region size 1024K, 3 young (3072K), 3 survivors (3072K)
 Metaspace       used 129774K, committed 131136K, reserved 1163264K
  class space    used 17551K, committed 18176K, reserved 1048576K
}
Event: 637.924 GC heap before
{Heap before GC invocations=65 (full 0):
 garbage-first heap   total 443392K, used 148575K [0x0000000080000000, 0x0000000100000000)
  region size 1024K, 26 young (26624K), 3 survivors (3072K)
 Metaspace       used 129809K, committed 131136K, reserved 1163264K
  class space    used 17551K, committed 18176K, reserved 1048576K
}

